Determining if the pthread_create exist failed with the following output:
Change Dir: /home/vishwajeet/catkin_ws/build_isolated/beginner_tutorials/CMakeFiles/CMakeTmp

Run Build Command:"/usr/bin/make" "cmTC_5adad/fast"
/usr/bin/make -f CMakeFiles/cmTC_5adad.dir/build.make CMakeFiles/cmTC_5adad.dir/build
make[1]: Entering directory '/home/vishwajeet/catkin_ws/build_isolated/beginner_tutorials/CMakeFiles/CMakeTmp'
Building C object CMakeFiles/cmTC_5adad.dir/CheckSymbolExists.c.o
/usr/bin/cc     -o CMakeFiles/cmTC_5adad.dir/CheckSymbolExists.c.o   -c /home/vishwajeet/catkin_ws/build_isolated/beginner_tutorials/CMakeFiles/CMakeTmp/CheckSymbolExists.c
Linking C executable cmTC_5adad
/usr/bin/cmake -E cmake_link_script CMakeFiles/cmTC_5adad.dir/link.txt --verbose=1
/usr/bin/cc       CMakeFiles/cmTC_5adad.dir/CheckSymbolExists.c.o  -o cmTC_5adad -rdynamic 
CMakeFiles/cmTC_5adad.dir/CheckSymbolExists.c.o: In function `main':
CheckSymbolExists.c:(.text+0x16): undefined reference to `pthread_create'
collect2: error: ld returned 1 exit status
CMakeFiles/cmTC_5adad.dir/build.make:97: recipe for target 'cmTC_5adad' failed
make[1]: *** [cmTC_5adad] Error 1
make[1]: Leaving directory '/home/vishwajeet/catkin_ws/build_isolated/beginner_tutorials/CMakeFiles/CMakeTmp'
Makefile:126: recipe for target 'cmTC_5adad/fast' failed
make: *** [cmTC_5adad/fast] Error 2

File /home/vishwajeet/catkin_ws/build_isolated/beginner_tutorials/CMakeFiles/CMakeTmp/CheckSymbolExists.c:
/* */
#include <pthread.h>

int main(int argc, char** argv)
{
  (void)argv;
#ifndef pthread_create
  return ((int*)(&pthread_create))[argc];
#else
  (void)argc;
  return 0;
#endif
}

Determining if the function pthread_create exists in the pthreads failed with the following output:
Change Dir: /home/vishwajeet/catkin_ws/build_isolated/beginner_tutorials/CMakeFiles/CMakeTmp

Run Build Command:"/usr/bin/make" "cmTC_dccf7/fast"
/usr/bin/make -f CMakeFiles/cmTC_dccf7.dir/build.make CMakeFiles/cmTC_dccf7.dir/build
make[1]: Entering directory '/home/vishwajeet/catkin_ws/build_isolated/beginner_tutorials/CMakeFiles/CMakeTmp'
Building C object CMakeFiles/cmTC_dccf7.dir/CheckFunctionExists.c.o
/usr/bin/cc    -DCHECK_FUNCTION_EXISTS=pthread_create   -o CMakeFiles/cmTC_dccf7.dir/CheckFunctionExists.c.o   -c /usr/share/cmake-3.5/Modules/CheckFunctionExists.c
Linking C executable cmTC_dccf7
/usr/bin/cmake -E cmake_link_script CMakeFiles/cmTC_dccf7.dir/link.txt --verbose=1
/usr/bin/cc   -DCHECK_FUNCTION_EXISTS=pthread_create    CMakeFiles/cmTC_dccf7.dir/CheckFunctionExists.c.o  -o cmTC_dccf7 -rdynamic -lpthreads 
/usr/bin/ld: cannot find -lpthreads
collect2: error: ld returned 1 exit status
CMakeFiles/cmTC_dccf7.dir/build.make:97: recipe for target 'cmTC_dccf7' failed
make[1]: *** [cmTC_dccf7] Error 1
make[1]: Leaving directory '/home/vishwajeet/catkin_ws/build_isolated/beginner_tutorials/CMakeFiles/CMakeTmp'
Makefile:126: recipe for target 'cmTC_dccf7/fast' failed
make: *** [cmTC_dccf7/fast] Error 2


